<?xml version="1.0" encoding="UTF-8"?>
<!-- Generated by org.testng.reporters.JUnitReportReporter -->
<testsuite hostname="DESKTOP-GUPA5RI" failures="0" tests="3" name="tests.HalisBurtonCountyTest" time="31.530" errors="0" timestamp="04 Sep. 2021 18:12:29 GMT" skipped="0">
  <testcase classname="tests.HalisBurtonCountyTest" name="TitleTest" time="8.487"/>
  <testcase classname="tests.HalisBurtonCountyTest" name="DropDownItemsTest" time="10.817"/>
  <testcase classname="tests.HalisBurtonCountyTest" name="dropDownTest" time="12.226"/>
</testsuite> <!-- tests.HalisBurtonCountyTest -->
